Построение начато 02.12.2020 9:15:25.
     1>Проект "C:\Users\Алена\Desktop\лаб3\лаб3\лаб3.vcxproj" в узле 2 (целевые объекты build).
     1>InitializeBuildStatus:
         Создание "Debug\лаб3.unsuccessfulbuild", так как было задано "AlwaysCreate".
       ClCompile:
         C:\Program Files (x86)\Microsoft Visual Studio 10.0\VC\bin\CL.exe /c /ZI /nologo /W3 /WX- /Od /Oy- /D WIN32 /D _DEBUG /D _CONSOLE /D _UNICODE /D UNICODE /Gm /EHsc /RTC1 /MDd /GS /fp:precise /Zc:wchar_t /Zc:forScope /Fo"Debug\\" /Fd"Debug\vc100.pdb" /Gd /TP /analyze- /errorReport:prompt lab3.cpp
         lab3.cpp
     1>c:\users\алена\desktop\лаб3\лаб3\lab3.cpp(396): warning C4244: аргумент: преобразование "time_t" в "unsigned int", возможна потеря данных
     1>c:\users\алена\desktop\лаб3\лаб3\lab3.cpp(392): warning C4101: del: неиспользованная локальная переменная
       ManifestResourceCompile:
         Для всех выходных данных обновления не требуется.
       Link:
         C:\Program Files (x86)\Microsoft Visual Studio 10.0\VC\bin\link.exe /ERRORREPORT:PROMPT /OUT:"C:\Users\Алена\Desktop\лаб3\Debug\лаб3.exe" /INCREMENTAL /NOLOGO kernel32.lib user32.lib gdi32.lib winspool.lib comdlg32.lib advapi32.lib shell32.lib ole32.lib oleaut32.lib uuid.lib odbc32.lib odbccp32.lib /MANIFEST /ManifestFile:"Debug\лаб3.exe.intermediate.manifest" /MANIFESTUAC:"level='asInvoker' uiAccess='false'" /DEBUG /PDB:"C:\Users\Алена\Desktop\лаб3\Debug\лаб3.pdb" /SUBSYSTEM:CONSOLE /TLBID:1 /DYNAMICBASE /NXCOMPAT /IMPLIB:"C:\Users\Алена\Desktop\лаб3\Debug\лаб3.lib" /MACHINE:X86 "Debug\лаб3.exe.embed.manifest.res"
         Debug\lab3.obj
       Manifest:
         C:\Program Files (x86)\Microsoft SDKs\Windows\v7.0A\bin\mt.exe /nologo /verbose /out:"Debug\лаб3.exe.embed.manifest" /manifest "Debug\лаб3.exe.intermediate.manifest"
         Для всех выходных данных обновления не требуется.
       LinkEmbedManifest:
         Для всех выходных данных обновления не требуется.
         лаб3.vcxproj -> C:\Users\Алена\Desktop\лаб3\Debug\лаб3.exe
       FinalizeBuildStatus:
         Файл "Debug\лаб3.unsuccessfulbuild" удаляется.
         Обращение к "Debug\лаб3.lastbuildstate".
     1>Построение проекта "C:\Users\Алена\Desktop\лаб3\лаб3\лаб3.vcxproj" завершено (целевые объекты build).

Построение успешно завершено.

Затраченное время: 00:00:07.95
